	struct ehci_qtd {
		__le32 hw_next;
		__le32 hw_alt_next;
		__le32 hw_token;
#define QTD_TOGGLE (1 << 31)
#define QTD_LENGTH (tok)(((tok) >> 16) & 0x7fff)
#define QTD_IOC (1 << 15)
#define QTD_CERR (tok)(((tok) >> 10) & 0x3)
#define QTD_PID (tok)(((tok) >> 8) & 0x3)
#define QTD_STS_ACTIVE (1 << 7)
#define QTD_STS_HALT (1 << 6)
#define QTD_STS_DBE (1 << 5)
#define QTD_STS_BABBLE (1 << 4)
#define QTD_STS_XACT (1 << 3)
#define QTD_STS_MMF (1 << 2)
#define QTD_STS_STS (1 << 1)
#define QTD_STS_PING (1 << 0)
																		__le32 hw_buf[5]; // err
		__le32 hw_buf_hi[5];
		dma_addr_t qtd_dma;
		struct list_head qtd_list;
		struct urb *urb;
		size_t length;
		u32 qtd_buffer_len;
		void *buffer;
		dma_addr_t buffer_dma;
		void *transfer_buffer;
		void *transfer_dma;
	}__aligned(32) cocci_id/* drivers/usb/host/oxu210hp-hcd.c 233 */; // err
